<?xml version="1.0" encoding="UTF-8"?>
<!-- Generated by org.testng.reporters.JUnitReportReporter -->
<testsuite hostname="LAPTOP-AHQOS39F" failures="0" tests="4" name="bye.TestNGDemo2RS" time="0.005" errors="0" timestamp="11 Mar 2022 09:18:37 GMT" skipped="0">
  <testcase classname="bye.TestNGDemo2RS" name="method4" time="0.003"/>
  <testcase classname="bye.TestNGDemo2RS" name="method8" time="0.000"/>
  <testcase classname="bye.TestNGDemo2RS" name="method7" time="0.001"/>
  <testcase classname="bye.TestNGDemo2RS" name="method9" time="0.001"/>
</testsuite> <!-- bye.TestNGDemo2RS -->
