<?xml version="1.0" encoding="UTF-8"?>
<!-- Generated by org.testng.reporters.JUnitReportReporter -->
<testsuite hostname="LAPTOP-AHQOS39F" failures="0" tests="2" name="bye.TentNGDemo4" time="0.004" errors="0" timestamp="21 Dec 2021 16:11:56 GMT" skipped="0">
  <testcase classname="bye.TentNGDemo4" name="DemoTest1" time="0.003"/>
  <testcase classname="bye.TentNGDemo4" name="DemoTest2" time="0.001"/>
</testsuite> <!-- bye.TentNGDemo4 -->
