<?xml version="1.0" encoding="UTF-8"?>
<!-- Generated by org.testng.reporters.JUnitReportReporter -->
<testsuite hostname="LAPTOP-AHQOS39F" failures="0" tests="3" name="bye.testngpractice1" time="0.011" errors="0" timestamp="11 Mar 2022 09:18:37 GMT" skipped="0">
  <testcase classname="bye.testngpractice1" name="tc2" time="0.009"/>
  <testcase classname="bye.testngpractice1" name="tc3" time="0.001"/>
  <testcase classname="bye.testngpractice1" name="tc4" time="0.001"/>
</testsuite> <!-- bye.testngpractice1 -->
