<?xml version="1.0" encoding="UTF-8"?>
<!-- Generated by org.testng.reporters.JUnitReportReporter -->
<testsuite hostname="LAPTOP-AHQOS39F" failures="0" tests="1" name="bye.TestNGDemo1RS" time="17.112" errors="0" timestamp="11 Mar 2022 09:13:55 GMT" skipped="0">
  <testcase classname="bye.TestNGDemo1RS" name="applicationLaunch" time="17.112"/>
</testsuite> <!-- bye.TestNGDemo1RS -->
