<?xml version="1.0" encoding="UTF-8"?>
<!-- Generated by org.testng.reporters.JUnitReportReporter -->
<testsuite hostname="LAPTOP-AHQOS39F" failures="0" tests="1" name="bye.TestNGDmo4RS" time="0.007" errors="0" timestamp="11 Mar 2022 08:45:14 GMT" skipped="0">
  <testcase classname="bye.TestNGDmo4RS" name="launchBrowser" time="0.007"/>
</testsuite> <!-- bye.TestNGDmo4RS -->
