<?xml version="1.0" encoding="UTF-8"?>
<!-- Generated by org.testng.reporters.JUnitReportReporter -->
<testsuite hostname="LAPTOP-AHQOS39F" failures="0" tests="1" name="bye.Modifiers" time="0.008" errors="0" timestamp="28 Dec 2021 02:14:41 GMT" skipped="0">
  <testcase classname="bye.Modifiers" name="method" time="0.008"/>
</testsuite> <!-- bye.Modifiers -->
