<?xml version="1.0" encoding="UTF-8"?>
<!-- Generated by org.testng.reporters.JUnitReportReporter -->
<testsuite hostname="LAPTOP-AHQOS39F" failures="0" tests="1" name="bye.Parent" time="0.009" errors="0" timestamp="18 Jan 2022 02:31:21 GMT" skipped="0">
  <testcase classname="bye.Parent" name="man" time="0.009"/>
</testsuite> <!-- bye.Parent -->
