<?xml version="1.0" encoding="UTF-8"?>
<!-- Generated by org.testng.reporters.JUnitReportReporter -->
<testsuite hostname="LAPTOP-AHQOS39F" failures="0" tests="3" name="bye.TestNGDemo3" time="14.513" errors="0" timestamp="11 Mar 2022 09:27:40 GMT" skipped="0">
  <testcase classname="bye.TestNGDemo3" name="launch" time="7.305"/>
  <testcase classname="bye.TestNGDemo3" name="method1" time="0.003"/>
  <testcase classname="bye.TestNGDemo3" name="launch" time="7.205"/>
</testsuite> <!-- bye.TestNGDemo3 -->
