<?xml version="1.0" encoding="UTF-8"?>
<!-- Generated by org.testng.reporters.JUnitReportReporter -->
<testsuite hostname="LAPTOP-AHQOS39F" failures="0" tests="3" name="bye.TestNGDemo5RS" time="0.007" errors="0" timestamp="15 Dec 2021 02:53:55 GMT" skipped="0">
  <testcase classname="bye.TestNGDemo5RS" name="login" time="0.001"/>
  <testcase classname="bye.TestNGDemo5RS" name="login" time="0.000"/>
  <testcase classname="bye.TestNGDemo5RS" name="login" time="0.006"/>
</testsuite> <!-- bye.TestNGDemo5RS -->
