<?xml version="1.0" encoding="UTF-8"?>
<!-- Generated by org.testng.reporters.JUnitReportReporter -->
<testsuite hostname="LAPTOP-AHQOS39F" failures="0" tests="1" name="bye.Collection_Interface_Array_List" time="0.011" errors="0" timestamp="27 Mar 2022 06:36:58 GMT" skipped="0">
  <testcase classname="bye.Collection_Interface_Array_List" name="m1" time="0.011"/>
</testsuite> <!-- bye.Collection_Interface_Array_List -->
