<?xml version="1.0" encoding="UTF-8"?>
<!-- Generated by org.testng.reporters.JUnitReportReporter -->
<testsuite hostname="LAPTOP-AHQOS39F" failures="0" tests="1" name="infosys.testCl" time="0.001" errors="0" timestamp="12 Mar 2022 10:57:45 GMT" skipped="0">
  <testcase classname="infosys.testCl" name="abc" time="0.001"/>
</testsuite> <!-- infosys.testCl -->
