<?xml version="1.0" encoding="UTF-8"?>
<!-- Generated by org.testng.reporters.JUnitReportReporter -->
<testsuite hostname="LAPTOP-AHQOS39F" failures="0" tests="1" name="infosys.TestCi2" time="0.006" errors="0" timestamp="12 Mar 2022 10:57:45 GMT" skipped="0">
  <testcase classname="infosys.TestCi2" name="a" time="0.006"/>
</testsuite> <!-- infosys.TestCi2 -->
