<?xml version="1.0" encoding="UTF-8"?>
<!-- Generated by org.testng.reporters.JUnitReportReporter -->
<testsuite hostname="LAPTOP-AHQOS39F" failures="0" tests="1" name="revision.thirdMaximumNumber" time="0.007" errors="0" timestamp="11 Mar 2022 09:43:41 GMT" skipped="0">
  <testcase classname="revision.thirdMaximumNumber" name="m2" time="0.007"/>
</testsuite> <!-- revision.thirdMaximumNumber -->
